<?xml version="1.0" encoding="UTF-8"?>
<!-- Generated by org.testng.reporters.JUnitReportReporter -->
<testsuite name="Demo.automation.Demo2" tests="3" time="0.020" ignored="0" failures="0" timestamp="09 Aug 2018 12:19:44 GMT" skipped="0" hostname="PMANALA" errors="0">
  <testcase name="test3" time="0.000" classname="Demo.automation.Demo2"/>
  <testcase name="test1" time="0.020" classname="Demo.automation.Demo2"/>
  <testcase name="test2" time="0.000" classname="Demo.automation.Demo2"/>
</testsuite> <!-- Demo.automation.Demo2 -->
